Connecting to database specified by database.yml
Connecting to database specified by database.yml


Started GET "/rails/info/properties" for 127.0.0.1 at 2013-12-10 17:08:26 -0700
Processing by Rails::InfoController#properties as HTML
  Rendered inline template (16.0ms)
Completed 200 OK in 106ms (Views: 105.8ms | ActiveRecord: 0.0ms)


Started GET "/rails/info/properties" for 127.0.0.1 at 2013-12-10 17:08:27 -0700
Processing by Rails::InfoController#properties as HTML
  Rendered inline template (0.3ms)
Completed 200 OK in 1ms (Views: 0.6ms | ActiveRecord: 0.0ms)
Connecting to database specified by database.yml
Connecting to database specified by database.yml


Started GET "/rails/info/properties" for 127.0.0.1 at 2013-12-10 17:11:17 -0700
Processing by Rails::InfoController#properties as HTML
  Rendered inline template (15.8ms)
Completed 200 OK in 102ms (Views: 101.9ms | ActiveRecord: 0.0ms)
Connecting to database specified by database.yml
  [1m[36m (0.1ms)[0m  [1mselect sqlite_version(*)[0m
  [1m[35m (13.6ms)[0m  CREATE TABLE "schema_migrations" ("version" varchar(255) NOT NULL) 
  [1m[36m (5.2ms)[0m  [1mCREATE UNIQUE INDEX "unique_schema_migrations" ON "schema_migrations" ("version")[0m
  [1m[35m (0.1ms)[0m  SELECT "schema_migrations"."version" FROM "schema_migrations" 
Migrating to DeviseCreateUsers (20131203022201)
  [1m[36m (0.0ms)[0m  [1mbegin transaction[0m
  [1m[35m (0.4ms)[0m  CREATE TABLE "users" ("id" INTEGER PRIMARY KEY AUTOINCREMENT NOT NULL, "email" varchar(255) DEFAULT '' NOT NULL, "encrypted_password" varchar(255) DEFAULT '' NOT NULL, "reset_password_token" varchar(255), "reset_password_sent_at" datetime, "remember_created_at" datetime, "sign_in_count" integer DEFAULT 0, "current_sign_in_at" datetime, "last_sign_in_at" datetime, "current_sign_in_ip" varchar(255), "last_sign_in_ip" varchar(255), "created_at" datetime NOT NULL, "updated_at" datetime NOT NULL) 
  [1m[36m (0.2ms)[0m  [1mCREATE UNIQUE INDEX "index_users_on_email" ON "users" ("email")[0m
  [1m[35m (0.1ms)[0m  CREATE UNIQUE INDEX "index_users_on_reset_password_token" ON "users" ("reset_password_token")
  [1m[36m (0.1ms)[0m  [1mINSERT INTO "schema_migrations" ("version") VALUES ('20131203022201')[0m
  [1m[35m (5.7ms)[0m  commit transaction
Migrating to AddNameToUsers (20131203024306)
  [1m[36m (0.1ms)[0m  [1mbegin transaction[0m
  [1m[35m (0.3ms)[0m  ALTER TABLE "users" ADD "name" varchar(255)
  [1m[36m (0.1ms)[0m  [1mINSERT INTO "schema_migrations" ("version") VALUES ('20131203024306')[0m
  [1m[35m (5.0ms)[0m  commit transaction
Migrating to AddConfirmableToUsers (20131203214128)
  [1m[36m (0.1ms)[0m  [1mbegin transaction[0m
  [1m[35m (0.4ms)[0m  ALTER TABLE "users" ADD "confirmation_token" varchar(255)
  [1m[36m (0.3ms)[0m  [1mALTER TABLE "users" ADD "confirmed_at" datetime[0m
  [1m[35m (0.3ms)[0m  ALTER TABLE "users" ADD "confirmation_sent_at" datetime
  [1m[36m (0.3ms)[0m  [1mCREATE UNIQUE INDEX "index_users_on_confirmation_token" ON "users" ("confirmation_token")[0m
  [1m[35mSQL (0.1ms)[0m  UPDATE "users" SET "confirmed_at" = '2013-12-11 00:11:44.210311'
  [1m[36m (0.1ms)[0m  [1mINSERT INTO "schema_migrations" ("version") VALUES ('20131203214128')[0m
  [1m[35m (7.6ms)[0m  commit transaction
Migrating to CreatePosts (20131203222738)
  [1m[36m (0.1ms)[0m  [1mbegin transaction[0m
  [1m[35m (0.3ms)[0m  CREATE TABLE "posts" ("id" INTEGER PRIMARY KEY AUTOINCREMENT NOT NULL, "Content" varchar(255), "Title" varchar(255), "Recepients" varchar(255), "created_at" datetime NOT NULL, "updated_at" datetime NOT NULL) 
  [1m[36m (0.1ms)[0m  [1mINSERT INTO "schema_migrations" ("version") VALUES ('20131203222738')[0m
  [1m[35m (5.4ms)[0m  commit transaction
Migrating to AddPosts (20131203223255)
  [1m[36m (0.0ms)[0m  [1mbegin transaction[0m
  [1m[35m (0.2ms)[0m  INSERT INTO "schema_migrations" ("version") VALUES ('20131203223255')
  [1m[36m (6.8ms)[0m  [1mcommit transaction[0m
Migrating to AddUserIdToPost (20131204022807)
  [1m[35m (0.1ms)[0m  begin transaction
  [1m[36m (0.5ms)[0m  [1mALTER TABLE "posts" ADD "user_id" integer[0m
  [1m[35m (0.1ms)[0m  INSERT INTO "schema_migrations" ("version") VALUES ('20131204022807')
  [1m[36m (6.4ms)[0m  [1mcommit transaction[0m
  [1m[35m (0.2ms)[0m  SELECT "schema_migrations"."version" FROM "schema_migrations" 
Connecting to database specified by database.yml
  [1m[36m (0.1ms)[0m  [1mSELECT "schema_migrations"."version" FROM "schema_migrations" [0m
  [1m[35mUser Load (0.2ms)[0m  SELECT "users".* FROM "users" WHERE "users"."email" = 'user@example.com' LIMIT 1
WARNING: Can't mass-assign protected attributes: confirmed_at
  [1m[36m (0.1ms)[0m  [1mbegin transaction[0m
  [1m[35mUser Exists (0.1ms)[0m  SELECT 1 AS one FROM "users" WHERE "users"."email" = 'user@example.com' LIMIT 1
  [1m[36mUser Exists (0.1ms)[0m  [1mSELECT 1 AS one FROM "users" WHERE LOWER("users"."name") = LOWER('First User') LIMIT 1[0m
  [1m[35mUser Exists (0.1ms)[0m  SELECT 1 AS one FROM "users" WHERE LOWER("users"."email") = LOWER('user@example.com') LIMIT 1
  [1m[36mUser Load (0.1ms)[0m  [1mSELECT "users".* FROM "users" WHERE "users"."confirmation_token" = 'X9kWPSxJTvxWqSq4kA6Q' LIMIT 1[0m
Binary data inserted for `string` type on column `encrypted_password`
  [1m[35mSQL (9.4ms)[0m  INSERT INTO "users" ("confirmation_sent_at", "confirmation_token", "confirmed_at", "created_at", "current_sign_in_at", "current_sign_in_ip", "email", "encrypted_password", "last_sign_in_at", "last_sign_in_ip", "name", "remember_created_at", "reset_password_sent_at", "reset_password_token", "sign_in_count", "updated_at") VALUES (?, ?, ?, ?, ?, ?, ?, ?, ?, ?, ?, ?, ?, ?, ?, ?)  [["confirmation_sent_at", Wed, 11 Dec 2013 00:12:00 UTC +00:00], ["confirmation_token", "X9kWPSxJTvxWqSq4kA6Q"], ["confirmed_at", nil], ["created_at", Wed, 11 Dec 2013 00:12:00 UTC +00:00], ["current_sign_in_at", nil], ["current_sign_in_ip", nil], ["email", "user@example.com"], ["encrypted_password", "$2a$10$uXvQ4lXCGOUZ2gCzm5vaxORSQ4dP3Jjmc5c2tfbYAtN3CNq.2r0Y."], ["last_sign_in_at", nil], ["last_sign_in_ip", nil], ["name", "First User"], ["remember_created_at", nil], ["reset_password_sent_at", nil], ["reset_password_token", nil], ["sign_in_count", 0], ["updated_at", Wed, 11 Dec 2013 00:12:00 UTC +00:00]]
  Rendered /usr/local/lib/ruby/gems/1.9.1/gems/devise-2.2.8/app/views/devise/mailer/confirmation_instructions.html.erb (50.9ms)

Sent mail to user@example.com (6101ms)
Date: Tue, 10 Dec 2013 17:12:01 -0700
From: semtfinal@gmail.com
Reply-To: semtfinal@gmail.com
To: user@example.com
Message-ID: <52a7add14e3d6_98343345b0139b@saasbook.mail>
Subject: Confirmation instructions
Mime-Version: 1.0
Content-Type: text/html;
 charset=UTF-8
Content-Transfer-Encoding: 7bit

<p>Welcome user@example.com!</p>

<p>You can confirm your account email through the link below:</p>

<p><a href="http://localhost:3000/users/confirmation?confirmation_token=X9kWPSxJTvxWqSq4kA6Q">Confirm my account</a></p>

  [1m[36m (13.8ms)[0m  [1mcommit transaction[0m
WARNING: Can't mass-assign protected attributes: created_at, updated_at
  [1m[35m (0.1ms)[0m  begin transaction
  [1m[36mSQL (1.1ms)[0m  [1mINSERT INTO "posts" ("Content", "Recepients", "Title", "created_at", "updated_at", "user_id") VALUES (?, ?, ?, ?, ?, ?)[0m  [["Content", "I am dead dude"], ["Recepients", "badcommando@gmail.com"], ["Title", "This is a test post"], ["created_at", Wed, 11 Dec 2013 00:12:07 UTC +00:00], ["updated_at", Wed, 11 Dec 2013 00:12:07 UTC +00:00], ["user_id", 1]]
  [1m[35m (5.7ms)[0m  commit transaction
Connecting to database specified by database.yml
Connecting to database specified by database.yml


Started GET "/rails/info/properties" for 127.0.0.1 at 2013-12-10 17:22:32 -0700
  [1m[36m (0.1ms)[0m  [1mSELECT "schema_migrations"."version" FROM "schema_migrations" [0m
Processing by Rails::InfoController#properties as HTML
  Rendered inline template (15.2ms)
Completed 200 OK in 108ms (Views: 108.0ms | ActiveRecord: 0.0ms)


Started GET "/rails/info/properties" for 127.0.0.1 at 2013-12-10 17:22:33 -0700
Processing by Rails::InfoController#properties as HTML
  Rendered inline template (0.3ms)
Completed 200 OK in 2ms (Views: 1.4ms | ActiveRecord: 0.0ms)


Started GET "/rails" for 127.0.0.1 at 2013-12-10 17:23:02 -0700

ActionController::RoutingError (No route matches [GET] "/rails"):
  actionpack (3.2.13) lib/action_dispatch/middleware/debug_exceptions.rb:21:in `call'
  actionpack (3.2.13) lib/action_dispatch/middleware/show_exceptions.rb:56:in `call'
  railties (3.2.13) lib/rails/rack/logger.rb:32:in `call_app'
  railties (3.2.13) lib/rails/rack/logger.rb:16:in `block in call'
  activesupport (3.2.13) lib/active_support/tagged_logging.rb:22:in `tagged'
  railties (3.2.13) lib/rails/rack/logger.rb:16:in `call'
  quiet_assets (1.0.2) lib/quiet_assets.rb:18:in `call_with_quiet_assets'
  actionpack (3.2.13) lib/action_dispatch/middleware/request_id.rb:22:in `call'
  rack (1.4.5) lib/rack/methodoverride.rb:21:in `call'
  rack (1.4.5) lib/rack/runtime.rb:17:in `call'
  activesupport (3.2.13) lib/active_support/cache/strategy/local_cache.rb:72:in `call'
  rack (1.4.5) lib/rack/lock.rb:15:in `call'
  actionpack (3.2.13) lib/action_dispatch/middleware/static.rb:63:in `call'
  railties (3.2.13) lib/rails/engine.rb:479:in `call'
  railties (3.2.13) lib/rails/application.rb:223:in `call'
  rack (1.4.5) lib/rack/content_length.rb:14:in `call'
  railties (3.2.13) lib/rails/rack/log_tailer.rb:17:in `call'
  rack (1.4.5) lib/rack/handler/webrick.rb:59:in `service'
  /usr/local/lib/ruby/1.9.1/webrick/httpserver.rb:111:in `service'
  /usr/local/lib/ruby/1.9.1/webrick/httpserver.rb:70:in `run'
  /usr/local/lib/ruby/1.9.1/webrick/server.rb:183:in `block in start_thread'


  Rendered /usr/local/lib/ruby/gems/1.9.1/gems/actionpack-3.2.13/lib/action_dispatch/middleware/templates/rescues/routing_error.erb within rescues/layout (0.6ms)


Started GET "/movies" for 127.0.0.1 at 2013-12-10 17:23:06 -0700

ActionController::RoutingError (No route matches [GET] "/movies"):
  actionpack (3.2.13) lib/action_dispatch/middleware/debug_exceptions.rb:21:in `call'
  actionpack (3.2.13) lib/action_dispatch/middleware/show_exceptions.rb:56:in `call'
  railties (3.2.13) lib/rails/rack/logger.rb:32:in `call_app'
  railties (3.2.13) lib/rails/rack/logger.rb:16:in `block in call'
  activesupport (3.2.13) lib/active_support/tagged_logging.rb:22:in `tagged'
  railties (3.2.13) lib/rails/rack/logger.rb:16:in `call'
  quiet_assets (1.0.2) lib/quiet_assets.rb:18:in `call_with_quiet_assets'
  actionpack (3.2.13) lib/action_dispatch/middleware/request_id.rb:22:in `call'
  rack (1.4.5) lib/rack/methodoverride.rb:21:in `call'
  rack (1.4.5) lib/rack/runtime.rb:17:in `call'
  activesupport (3.2.13) lib/active_support/cache/strategy/local_cache.rb:72:in `call'
  rack (1.4.5) lib/rack/lock.rb:15:in `call'
  actionpack (3.2.13) lib/action_dispatch/middleware/static.rb:63:in `call'
  railties (3.2.13) lib/rails/engine.rb:479:in `call'
  railties (3.2.13) lib/rails/application.rb:223:in `call'
  rack (1.4.5) lib/rack/content_length.rb:14:in `call'
  railties (3.2.13) lib/rails/rack/log_tailer.rb:17:in `call'
  rack (1.4.5) lib/rack/handler/webrick.rb:59:in `service'
  /usr/local/lib/ruby/1.9.1/webrick/httpserver.rb:111:in `service'
  /usr/local/lib/ruby/1.9.1/webrick/httpserver.rb:70:in `run'
  /usr/local/lib/ruby/1.9.1/webrick/server.rb:183:in `block in start_thread'


  Rendered /usr/local/lib/ruby/gems/1.9.1/gems/actionpack-3.2.13/lib/action_dispatch/middleware/templates/rescues/routing_error.erb within rescues/layout (0.9ms)


Started GET "/crate" for 127.0.0.1 at 2013-12-10 17:23:15 -0700

ActionController::RoutingError (No route matches [GET] "/crate"):
  actionpack (3.2.13) lib/action_dispatch/middleware/debug_exceptions.rb:21:in `call'
  actionpack (3.2.13) lib/action_dispatch/middleware/show_exceptions.rb:56:in `call'
  railties (3.2.13) lib/rails/rack/logger.rb:32:in `call_app'
  railties (3.2.13) lib/rails/rack/logger.rb:16:in `block in call'
  activesupport (3.2.13) lib/active_support/tagged_logging.rb:22:in `tagged'
  railties (3.2.13) lib/rails/rack/logger.rb:16:in `call'
  quiet_assets (1.0.2) lib/quiet_assets.rb:18:in `call_with_quiet_assets'
  actionpack (3.2.13) lib/action_dispatch/middleware/request_id.rb:22:in `call'
  rack (1.4.5) lib/rack/methodoverride.rb:21:in `call'
  rack (1.4.5) lib/rack/runtime.rb:17:in `call'
  activesupport (3.2.13) lib/active_support/cache/strategy/local_cache.rb:72:in `call'
  rack (1.4.5) lib/rack/lock.rb:15:in `call'
  actionpack (3.2.13) lib/action_dispatch/middleware/static.rb:63:in `call'
  railties (3.2.13) lib/rails/engine.rb:479:in `call'
  railties (3.2.13) lib/rails/application.rb:223:in `call'
  rack (1.4.5) lib/rack/content_length.rb:14:in `call'
  railties (3.2.13) lib/rails/rack/log_tailer.rb:17:in `call'
  rack (1.4.5) lib/rack/handler/webrick.rb:59:in `service'
  /usr/local/lib/ruby/1.9.1/webrick/httpserver.rb:111:in `service'
  /usr/local/lib/ruby/1.9.1/webrick/httpserver.rb:70:in `run'
  /usr/local/lib/ruby/1.9.1/webrick/server.rb:183:in `block in start_thread'


  Rendered /usr/local/lib/ruby/gems/1.9.1/gems/actionpack-3.2.13/lib/action_dispatch/middleware/templates/rescues/routing_error.erb within rescues/layout (2.8ms)


Started GET "/create" for 127.0.0.1 at 2013-12-10 17:23:18 -0700

ActionController::RoutingError (No route matches [GET] "/create"):
  actionpack (3.2.13) lib/action_dispatch/middleware/debug_exceptions.rb:21:in `call'
  actionpack (3.2.13) lib/action_dispatch/middleware/show_exceptions.rb:56:in `call'
  railties (3.2.13) lib/rails/rack/logger.rb:32:in `call_app'
  railties (3.2.13) lib/rails/rack/logger.rb:16:in `block in call'
  activesupport (3.2.13) lib/active_support/tagged_logging.rb:22:in `tagged'
  railties (3.2.13) lib/rails/rack/logger.rb:16:in `call'
  quiet_assets (1.0.2) lib/quiet_assets.rb:18:in `call_with_quiet_assets'
  actionpack (3.2.13) lib/action_dispatch/middleware/request_id.rb:22:in `call'
  rack (1.4.5) lib/rack/methodoverride.rb:21:in `call'
  rack (1.4.5) lib/rack/runtime.rb:17:in `call'
  activesupport (3.2.13) lib/active_support/cache/strategy/local_cache.rb:72:in `call'
  rack (1.4.5) lib/rack/lock.rb:15:in `call'
  actionpack (3.2.13) lib/action_dispatch/middleware/static.rb:63:in `call'
  railties (3.2.13) lib/rails/engine.rb:479:in `call'
  railties (3.2.13) lib/rails/application.rb:223:in `call'
  rack (1.4.5) lib/rack/content_length.rb:14:in `call'
  railties (3.2.13) lib/rails/rack/log_tailer.rb:17:in `call'
  rack (1.4.5) lib/rack/handler/webrick.rb:59:in `service'
  /usr/local/lib/ruby/1.9.1/webrick/httpserver.rb:111:in `service'
  /usr/local/lib/ruby/1.9.1/webrick/httpserver.rb:70:in `run'
  /usr/local/lib/ruby/1.9.1/webrick/server.rb:183:in `block in start_thread'


  Rendered /usr/local/lib/ruby/gems/1.9.1/gems/actionpack-3.2.13/lib/action_dispatch/middleware/templates/rescues/routing_error.erb within rescues/layout (0.5ms)


Started GET "/create_post" for 127.0.0.1 at 2013-12-10 17:23:22 -0700

ActionController::RoutingError (No route matches [GET] "/create_post"):
  actionpack (3.2.13) lib/action_dispatch/middleware/debug_exceptions.rb:21:in `call'
  actionpack (3.2.13) lib/action_dispatch/middleware/show_exceptions.rb:56:in `call'
  railties (3.2.13) lib/rails/rack/logger.rb:32:in `call_app'
  railties (3.2.13) lib/rails/rack/logger.rb:16:in `block in call'
  activesupport (3.2.13) lib/active_support/tagged_logging.rb:22:in `tagged'
  railties (3.2.13) lib/rails/rack/logger.rb:16:in `call'
  quiet_assets (1.0.2) lib/quiet_assets.rb:18:in `call_with_quiet_assets'
  actionpack (3.2.13) lib/action_dispatch/middleware/request_id.rb:22:in `call'
  rack (1.4.5) lib/rack/methodoverride.rb:21:in `call'
  rack (1.4.5) lib/rack/runtime.rb:17:in `call'
  activesupport (3.2.13) lib/active_support/cache/strategy/local_cache.rb:72:in `call'
  rack (1.4.5) lib/rack/lock.rb:15:in `call'
  actionpack (3.2.13) lib/action_dispatch/middleware/static.rb:63:in `call'
  railties (3.2.13) lib/rails/engine.rb:479:in `call'
  railties (3.2.13) lib/rails/application.rb:223:in `call'
  rack (1.4.5) lib/rack/content_length.rb:14:in `call'
  railties (3.2.13) lib/rails/rack/log_tailer.rb:17:in `call'
  rack (1.4.5) lib/rack/handler/webrick.rb:59:in `service'
  /usr/local/lib/ruby/1.9.1/webrick/httpserver.rb:111:in `service'
  /usr/local/lib/ruby/1.9.1/webrick/httpserver.rb:70:in `run'
  /usr/local/lib/ruby/1.9.1/webrick/server.rb:183:in `block in start_thread'


  Rendered /usr/local/lib/ruby/gems/1.9.1/gems/actionpack-3.2.13/lib/action_dispatch/middleware/templates/rescues/routing_error.erb within rescues/layout (0.5ms)
Connecting to database specified by database.yml
Connecting to database specified by database.yml
Connecting to database specified by database.yml
Connecting to database specified by database.yml


Started GET "/" for 127.0.0.1 at 2013-12-11 16:27:38 -0700
Processing by HomeController#index as HTML
  Rendered home/index.html.erb within layouts/application (30.9ms)
Compiled application.css  (187ms)  (pid 2005)
Compiled jquery.js  (2ms)  (pid 2005)
Compiled jquery_ujs.js  (0ms)  (pid 2005)
Compiled application.js  (154ms)  (pid 2005)
  Rendered layouts/_navigation.html.erb (1.9ms)
  Rendered layouts/_messages.html.erb (0.6ms)
Completed 200 OK in 758ms (Views: 757.9ms | ActiveRecord: 0.0ms)
Connecting to database specified by database.yml
Connecting to database specified by database.yml
Connecting to database specified by database.yml
Connecting to database specified by database.yml
Connecting to database specified by database.yml
Connecting to database specified by database.yml
Connecting to database specified by database.yml
Connecting to database specified by database.yml
Connecting to database specified by database.yml


Started GET "/" for 127.0.0.1 at 2013-12-11 17:19:53 -0700
Processing by HomeController#index as HTML
  Rendered home/index.html.erb within layouts/application (16.6ms)
  Rendered layouts/_navigation.html.erb (1.3ms)
  Rendered layouts/_messages.html.erb (0.3ms)
Completed 200 OK in 148ms (Views: 147.2ms | ActiveRecord: 0.0ms)
Connecting to database specified by database.yml


Started GET "/" for 127.0.0.1 at 2013-12-11 17:22:45 -0700
Processing by HomeController#index as HTML
  Rendered home/index.html.erb within layouts/application (21.4ms)
  Rendered layouts/_navigation.html.erb (1.2ms)
  Rendered layouts/_messages.html.erb (0.3ms)
Completed 200 OK in 142ms (Views: 141.8ms | ActiveRecord: 0.0ms)
Connecting to database specified by database.yml


Started GET "/" for 127.0.0.1 at 2013-12-11 17:25:52 -0700
Processing by HomeController#index as HTML
  Rendered home/index.html.erb within layouts/application (22.7ms)
  Rendered layouts/_navigation.html.erb (1.4ms)
  Rendered layouts/_messages.html.erb (0.3ms)
Completed 200 OK in 158ms (Views: 157.9ms | ActiveRecord: 0.0ms)
Connecting to database specified by database.yml
  [1m[36m (0.1ms)[0m  [1mSELECT "schema_migrations"."version" FROM "schema_migrations" [0m
  [1m[35m (0.2ms)[0m  select sqlite_version(*)
  [1m[36m (10.6ms)[0m  [1mCREATE TABLE "posts" ("id" INTEGER PRIMARY KEY AUTOINCREMENT NOT NULL, "Content" varchar(255), "Title" varchar(255), "Recepients" varchar(255), "created_at" datetime NOT NULL, "updated_at" datetime NOT NULL, "user_id" integer) [0m
  [1m[35m (5.4ms)[0m  CREATE TABLE "users" ("id" INTEGER PRIMARY KEY AUTOINCREMENT NOT NULL, "email" varchar(255) DEFAULT '' NOT NULL, "encrypted_password" varchar(255) DEFAULT '' NOT NULL, "reset_password_token" varchar(255), "reset_password_sent_at" datetime, "remember_created_at" datetime, "sign_in_count" integer DEFAULT 0, "current_sign_in_at" datetime, "last_sign_in_at" datetime, "current_sign_in_ip" varchar(255), "last_sign_in_ip" varchar(255), "created_at" datetime NOT NULL, "updated_at" datetime NOT NULL, "name" varchar(255), "confirmation_token" varchar(255), "confirmed_at" datetime, "confirmation_sent_at" datetime) 
  [1m[36m (4.4ms)[0m  [1mCREATE UNIQUE INDEX "index_users_on_confirmation_token" ON "users" ("confirmation_token")[0m
  [1m[35m (4.9ms)[0m  CREATE UNIQUE INDEX "index_users_on_email" ON "users" ("email")
  [1m[36m (5.1ms)[0m  [1mCREATE UNIQUE INDEX "index_users_on_reset_password_token" ON "users" ("reset_password_token")[0m
  [1m[35m (4.3ms)[0m  CREATE TABLE "schema_migrations" ("version" varchar(255) NOT NULL) 
  [1m[36m (4.3ms)[0m  [1mCREATE UNIQUE INDEX "unique_schema_migrations" ON "schema_migrations" ("version")[0m
  [1m[35m (0.1ms)[0m  SELECT version FROM "schema_migrations"
  [1m[36m (5.3ms)[0m  [1mINSERT INTO "schema_migrations" (version) VALUES ('20131204022807')[0m
  [1m[35m (4.5ms)[0m  INSERT INTO "schema_migrations" (version) VALUES ('20131203222738')
  [1m[36m (4.1ms)[0m  [1mINSERT INTO "schema_migrations" (version) VALUES ('20131203223255')[0m
  [1m[35m (4.2ms)[0m  INSERT INTO "schema_migrations" (version) VALUES ('20131203214128')
  [1m[36m (4.7ms)[0m  [1mINSERT INTO "schema_migrations" (version) VALUES ('20131203022201')[0m
  [1m[35m (3.7ms)[0m  INSERT INTO "schema_migrations" (version) VALUES ('20131203024306')
Connecting to database specified by database.yml
  [1m[36m (0.1ms)[0m  [1mSELECT "schema_migrations"."version" FROM "schema_migrations" [0m
  [1m[35m (0.3ms)[0m  select sqlite_version(*)
  [1m[36m (18.3ms)[0m  [1mCREATE TABLE "posts" ("id" INTEGER PRIMARY KEY AUTOINCREMENT NOT NULL, "Content" varchar(255), "Title" varchar(255), "Recepients" varchar(255), "created_at" datetime NOT NULL, "updated_at" datetime NOT NULL, "user_id" integer) [0m
  [1m[35m (5.5ms)[0m  CREATE TABLE "users" ("id" INTEGER PRIMARY KEY AUTOINCREMENT NOT NULL, "email" varchar(255) DEFAULT '' NOT NULL, "encrypted_password" varchar(255) DEFAULT '' NOT NULL, "reset_password_token" varchar(255), "reset_password_sent_at" datetime, "remember_created_at" datetime, "sign_in_count" integer DEFAULT 0, "current_sign_in_at" datetime, "last_sign_in_at" datetime, "current_sign_in_ip" varchar(255), "last_sign_in_ip" varchar(255), "created_at" datetime NOT NULL, "updated_at" datetime NOT NULL, "name" varchar(255), "confirmation_token" varchar(255), "confirmed_at" datetime, "confirmation_sent_at" datetime) 
  [1m[36m (5.3ms)[0m  [1mCREATE UNIQUE INDEX "index_users_on_confirmation_token" ON "users" ("confirmation_token")[0m
  [1m[35m (5.1ms)[0m  CREATE UNIQUE INDEX "index_users_on_email" ON "users" ("email")
  [1m[36m (5.2ms)[0m  [1mCREATE UNIQUE INDEX "index_users_on_reset_password_token" ON "users" ("reset_password_token")[0m
  [1m[35m (4.9ms)[0m  CREATE TABLE "schema_migrations" ("version" varchar(255) NOT NULL) 
  [1m[36m (4.2ms)[0m  [1mCREATE UNIQUE INDEX "unique_schema_migrations" ON "schema_migrations" ("version")[0m
  [1m[35m (0.1ms)[0m  SELECT version FROM "schema_migrations"
  [1m[36m (5.1ms)[0m  [1mINSERT INTO "schema_migrations" (version) VALUES ('20131204022807')[0m
  [1m[35m (4.6ms)[0m  INSERT INTO "schema_migrations" (version) VALUES ('20131203222738')
  [1m[36m (5.1ms)[0m  [1mINSERT INTO "schema_migrations" (version) VALUES ('20131203223255')[0m
  [1m[35m (4.3ms)[0m  INSERT INTO "schema_migrations" (version) VALUES ('20131203214128')
  [1m[36m (5.7ms)[0m  [1mINSERT INTO "schema_migrations" (version) VALUES ('20131203022201')[0m
  [1m[35m (8.1ms)[0m  INSERT INTO "schema_migrations" (version) VALUES ('20131203024306')
Connecting to database specified by database.yml


Started GET "/" for 127.0.0.1 at 2013-12-11 21:48:51 -0700
Processing by HomeController#index as HTML
  Rendered home/index.html.erb within layouts/application (17.5ms)
  Rendered layouts/_navigation.html.erb (2.0ms)
  Rendered layouts/_messages.html.erb (0.5ms)
Completed 200 OK in 149ms (Views: 148.0ms | ActiveRecord: 0.0ms)


Started GET "/" for 127.0.0.1 at 2013-12-11 21:49:12 -0700
Processing by HomeController#index as HTML
  Rendered home/index.html.erb within layouts/application (0.0ms)
  Rendered layouts/_navigation.html.erb (2.4ms)
  Rendered layouts/_messages.html.erb (0.1ms)
Completed 200 OK in 18ms (Views: 17.9ms | ActiveRecord: 0.0ms)


Started GET "/users/sign_up" for 127.0.0.1 at 2013-12-11 21:49:20 -0700
Processing by Devise::RegistrationsController#new as HTML
  Rendered /usr/local/lib/ruby/gems/1.9.1/gems/devise-2.2.8/app/views/devise/shared/_links.erb (1.9ms)
  Rendered devise/registrations/new.html.erb within layouts/application (11.6ms)
  Rendered layouts/_navigation.html.erb (0.7ms)
  Rendered layouts/_messages.html.erb (0.1ms)
Completed 200 OK in 200ms (Views: 27.8ms | ActiveRecord: 13.4ms)


Started POST "/users" for 127.0.0.1 at 2013-12-11 21:49:44 -0700
Processing by Devise::RegistrationsController#create as HTML
  Parameters: {"utf8"=>"✓", "authenticity_token"=>"D0nm2K3nIjVceP3WFaBvZtA9B4mk05PNobOIQwpNicA=", "user"=>{"name"=>"Mike", "email"=>"michaelfyk@gmail.com", "password"=>"[FILTERED]", "password_confirmation"=>"[FILTERED]"}, "commit"=>"Sign up"}
  [1m[36m (0.1ms)[0m  [1mbegin transaction[0m
  [1m[35mUser Exists (0.2ms)[0m  SELECT 1 AS one FROM "users" WHERE "users"."email" = 'michaelfyk@gmail.com' LIMIT 1
  [1m[36mUser Exists (0.1ms)[0m  [1mSELECT 1 AS one FROM "users" WHERE LOWER("users"."name") = LOWER('Mike') LIMIT 1[0m
  [1m[35mUser Exists (0.1ms)[0m  SELECT 1 AS one FROM "users" WHERE LOWER("users"."email") = LOWER('michaelfyk@gmail.com') LIMIT 1
  [1m[36mUser Load (0.2ms)[0m  [1mSELECT "users".* FROM "users" WHERE "users"."confirmation_token" = 'CssCL6qoiixhRVRezRJj' LIMIT 1[0m
Binary data inserted for `string` type on column `encrypted_password`
  [1m[35mSQL (32.1ms)[0m  INSERT INTO "users" ("confirmation_sent_at", "confirmation_token", "confirmed_at", "created_at", "current_sign_in_at", "current_sign_in_ip", "email", "encrypted_password", "last_sign_in_at", "last_sign_in_ip", "name", "remember_created_at", "reset_password_sent_at", "reset_password_token", "sign_in_count", "updated_at") VALUES (?, ?, ?, ?, ?, ?, ?, ?, ?, ?, ?, ?, ?, ?, ?, ?)  [["confirmation_sent_at", Thu, 12 Dec 2013 04:49:44 UTC +00:00], ["confirmation_token", "CssCL6qoiixhRVRezRJj"], ["confirmed_at", nil], ["created_at", Thu, 12 Dec 2013 04:49:44 UTC +00:00], ["current_sign_in_at", nil], ["current_sign_in_ip", nil], ["email", "michaelfyk@gmail.com"], ["encrypted_password", "$2a$10$C0VzrVtQb7Gn65NhR2RRReLtftFtzIWUVk73nGDyH5xm4pqbCX0jm"], ["last_sign_in_at", nil], ["last_sign_in_ip", nil], ["name", "Mike"], ["remember_created_at", nil], ["reset_password_sent_at", nil], ["reset_password_token", nil], ["sign_in_count", 0], ["updated_at", Thu, 12 Dec 2013 04:49:44 UTC +00:00]]
  Rendered /usr/local/lib/ruby/gems/1.9.1/gems/devise-2.2.8/app/views/devise/mailer/confirmation_instructions.html.erb (0.7ms)

Sent mail to michaelfyk@gmail.com (5266ms)
Date: Wed, 11 Dec 2013 21:49:44 -0700
From: semtfinal@gmail.com
Reply-To: semtfinal@gmail.com
To: michaelfyk@gmail.com
Message-ID: <52a940687d9f2_c1b539b71e579ba@saasbook.mail>
Subject: Confirmation instructions
Mime-Version: 1.0
Content-Type: text/html;
 charset=UTF-8
Content-Transfer-Encoding: 7bit

<p>Welcome michaelfyk@gmail.com!</p>

<p>You can confirm your account email through the link below:</p>

<p><a href="http://localhost:3000/users/confirmation?confirmation_token=CssCL6qoiixhRVRezRJj">Confirm my account</a></p>

  [1m[36m (0.1ms)[0m  [1mrollback transaction[0m
Completed 500 Internal Server Error in 5614ms

SocketError - getaddrinfo: Name or service not known:
  /usr/local/lib/ruby/1.9.1/net/smtp.rb:546:in `tcp_socket'
  /usr/local/lib/ruby/1.9.1/net/smtp.rb:555:in `block in do_start'
  /usr/local/lib/ruby/1.9.1/timeout.rb:58:in `timeout'
  /usr/local/lib/ruby/1.9.1/timeout.rb:89:in `timeout'
  /usr/local/lib/ruby/1.9.1/net/smtp.rb:555:in `do_start'
  /usr/local/lib/ruby/1.9.1/net/smtp.rb:525:in `start'
  mail (2.5.4) lib/mail/network/delivery_methods/smtp.rb:112:in `deliver!'
  mail (2.5.4) lib/mail/message.rb:2129:in `do_delivery'
  mail (2.5.4) lib/mail/message.rb:232:in `block in deliver'
  actionmailer (3.2.13) lib/action_mailer/base.rb:415:in `block in deliver_mail'
  activesupport (3.2.13) lib/active_support/notifications.rb:123:in `block in instrument'
  activesupport (3.2.13) lib/active_support/notifications/instrumenter.rb:20:in `instrument'
  activesupport (3.2.13) lib/active_support/notifications.rb:123:in `instrument'
  actionmailer (3.2.13) lib/action_mailer/base.rb:413:in `deliver_mail'
  mail (2.5.4) lib/mail/message.rb:232:in `deliver'
  devise (2.2.8) lib/devise/models/authenticatable.rb:175:in `send_devise_notification'
  devise (2.2.8) lib/devise/models/confirmable.rb:147:in `send_on_create_confirmation_instructions'
  activesupport (3.2.13) lib/active_support/callbacks.rb:416:in `_run__1049624623__create__330550065__callbacks'
  activesupport (3.2.13) lib/active_support/callbacks.rb:405:in `__run_callback'
  activesupport (3.2.13) lib/active_support/callbacks.rb:385:in `_run_create_callbacks'
  activesupport (3.2.13) lib/active_support/callbacks.rb:81:in `run_callbacks'
  activerecord (3.2.13) lib/active_record/callbacks.rb:268:in `create'
  activerecord (3.2.13) lib/active_record/persistence.rb:348:in `create_or_update'
  activerecord (3.2.13) lib/active_record/callbacks.rb:264:in `block in create_or_update'
  activesupport (3.2.13) lib/active_support/callbacks.rb:414:in `_run__1049624623__save__330550065__callbacks'
  activesupport (3.2.13) lib/active_support/callbacks.rb:405:in `__run_callback'
  activesupport (3.2.13) lib/active_support/callbacks.rb:385:in `_run_save_callbacks'
  activesupport (3.2.13) lib/active_support/callbacks.rb:81:in `run_callbacks'
  activerecord (3.2.13) lib/active_record/callbacks.rb:264:in `create_or_update'
  activerecord (3.2.13) lib/active_record/persistence.rb:84:in `save'
  activerecord (3.2.13) lib/active_record/validations.rb:50:in `save'
  activerecord (3.2.13) lib/active_record/attribute_methods/dirty.rb:22:in `save'
  activerecord (3.2.13) lib/active_record/transactions.rb:259:in `block (2 levels) in save'
  activerecord (3.2.13) lib/active_record/transactions.rb:313:in `block in with_transaction_returning_status'
  activerecord (3.2.13) lib/active_record/connection_adapters/abstract/database_statements.rb:192:in `transaction'
  activerecord (3.2.13) lib/active_record/transactions.rb:208:in `transaction'
  activerecord (3.2.13) lib/active_record/transactions.rb:311:in `with_transaction_returning_status'
  activerecord (3.2.13) lib/active_record/transactions.rb:259:in `block in save'
  activerecord (3.2.13) lib/active_record/transactions.rb:270:in `rollback_active_record_state!'
  activerecord (3.2.13) lib/active_record/transactions.rb:258:in `save'
  devise (2.2.8) app/controllers/devise/registrations_controller.rb:15:in `create'
  actionpack (3.2.13) lib/action_controller/metal/implicit_render.rb:4:in `send_action'
  actionpack (3.2.13) lib/abstract_controller/base.rb:167:in `process_action'
  actionpack (3.2.13) lib/action_controller/metal/rendering.rb:10:in `process_action'
  actionpack (3.2.13) lib/abstract_controller/callbacks.rb:18:in `block in process_action'
  activesupport (3.2.13) lib/active_support/callbacks.rb:436:in `_run__356503436__process_action__145609137__callbacks'
  activesupport (3.2.13) lib/active_support/callbacks.rb:405:in `__run_callback'
  activesupport (3.2.13) lib/active_support/callbacks.rb:385:in `_run_process_action_callbacks'
  activesupport (3.2.13) lib/active_support/callbacks.rb:81:in `run_callbacks'
  actionpack (3.2.13) lib/abstract_controller/callbacks.rb:17:in `process_action'
  actionpack (3.2.13) lib/action_controller/metal/rescue.rb:29:in `process_action'
  actionpack (3.2.13) lib/action_controller/metal/instrumentation.rb:30:in `block in process_action'
  activesupport (3.2.13) lib/active_support/notifications.rb:123:in `block in instrument'
  activesupport (3.2.13) lib/active_support/notifications/instrumenter.rb:20:in `instrument'
  activesupport (3.2.13) lib/active_support/notifications.rb:123:in `instrument'
  actionpack (3.2.13) lib/action_controller/metal/instrumentation.rb:29:in `process_action'
  actionpack (3.2.13) lib/action_controller/metal/params_wrapper.rb:207:in `process_action'
  activerecord (3.2.13) lib/active_record/railties/controller_runtime.rb:18:in `process_action'
  actionpack (3.2.13) lib/abstract_controller/base.rb:121:in `process'
  actionpack (3.2.13) lib/abstract_controller/rendering.rb:45:in `process'
  actionpack (3.2.13) lib/action_controller/metal.rb:203:in `dispatch'
  actionpack (3.2.13) lib/action_controller/metal/rack_delegation.rb:14:in `dispatch'
  actionpack (3.2.13) lib/action_controller/metal.rb:246:in `block in action'
  actionpack (3.2.13) lib/action_dispatch/routing/route_set.rb:73:in `dispatch'
  actionpack (3.2.13) lib/action_dispatch/routing/route_set.rb:36:in `call'
  actionpack (3.2.13) lib/action_dispatch/routing/mapper.rb:42:in `call'
  journey (1.0.4) lib/journey/router.rb:68:in `block in call'
  journey (1.0.4) lib/journey/router.rb:56:in `call'
  actionpack (3.2.13) lib/action_dispatch/routing/route_set.rb:612:in `call'
  warden (1.2.3) lib/warden/manager.rb:35:in `block in call'
  warden (1.2.3) lib/warden/manager.rb:34:in `call'
  actionpack (3.2.13) lib/action_dispatch/middleware/best_standards_support.rb:17:in `call'
  rack (1.4.5) lib/rack/etag.rb:23:in `call'
  rack (1.4.5) lib/rack/conditionalget.rb:35:in `call'
  actionpack (3.2.13) lib/action_dispatch/middleware/head.rb:14:in `call'
  actionpack (3.2.13) lib/action_dispatch/middleware/params_parser.rb:21:in `call'
  actionpack (3.2.13) lib/action_dispatch/middleware/flash.rb:242:in `call'
  rack (1.4.5) lib/rack/session/abstract/id.rb:210:in `context'
  rack (1.4.5) lib/rack/session/abstract/id.rb:205:in `call'
  actionpack (3.2.13) lib/action_dispatch/middleware/cookies.rb:341:in `call'
  activerecord (3.2.13) lib/active_record/query_cache.rb:64:in `call'
  activerecord (3.2.13) lib/active_record/connection_adapters/abstract/connection_pool.rb:479:in `call'
  actionpack (3.2.13) lib/action_dispatch/middleware/callbacks.rb:28:in `block in call'
  activesupport (3.2.13) lib/active_support/callbacks.rb:405:in `_run__856220660__call__330550065__callbacks'
  activesupport (3.2.13) lib/active_support/callbacks.rb:405:in `__run_callback'
  activesupport (3.2.13) lib/active_support/callbacks.rb:385:in `_run_call_callbacks'
  activesupport (3.2.13) lib/active_support/callbacks.rb:81:in `run_callbacks'
  actionpack (3.2.13) lib/action_dispatch/middleware/callbacks.rb:27:in `call'
  actionpack (3.2.13) lib/action_dispatch/middleware/reloader.rb:65:in `call'
  actionpack (3.2.13) lib/action_dispatch/middleware/remote_ip.rb:31:in `call'
  better_errors (1.0.1) lib/better_errors/middleware.rb:84:in `protected_app_call'
  better_errors (1.0.1) lib/better_errors/middleware.rb:79:in `better_errors_call'
  better_errors (1.0.1) lib/better_errors/middleware.rb:56:in `call'
  actionpack (3.2.13) lib/action_dispatch/middleware/debug_exceptions.rb:16:in `call'
  actionpack (3.2.13) lib/action_dispatch/middleware/show_exceptions.rb:56:in `call'
  railties (3.2.13) lib/rails/rack/logger.rb:32:in `call_app'
  railties (3.2.13) lib/rails/rack/logger.rb:16:in `block in call'
  activesupport (3.2.13) lib/active_support/tagged_logging.rb:22:in `tagged'
  railties (3.2.13) lib/rails/rack/logger.rb:16:in `call'
  quiet_assets (1.0.2) lib/quiet_assets.rb:18:in `call_with_quiet_assets'
  actionpack (3.2.13) lib/action_dispatch/middleware/request_id.rb:22:in `call'
  rack (1.4.5) lib/rack/methodoverride.rb:21:in `call'
  rack (1.4.5) lib/rack/runtime.rb:17:in `call'
  activesupport (3.2.13) lib/active_support/cache/strategy/local_cache.rb:72:in `call'
  rack (1.4.5) lib/rack/lock.rb:15:in `call'
  actionpack (3.2.13) lib/action_dispatch/middleware/static.rb:63:in `call'
  railties (3.2.13) lib/rails/engine.rb:479:in `call'
  railties (3.2.13) lib/rails/application.rb:223:in `call'
  rack (1.4.5) lib/rack/content_length.rb:14:in `call'
  railties (3.2.13) lib/rails/rack/log_tailer.rb:17:in `call'
  rack (1.4.5) lib/rack/handler/webrick.rb:59:in `service'
  /usr/local/lib/ruby/1.9.1/webrick/httpserver.rb:111:in `service'
  /usr/local/lib/ruby/1.9.1/webrick/httpserver.rb:70:in `run'
  /usr/local/lib/ruby/1.9.1/webrick/server.rb:183:in `block in start_thread'



Started POST "/__better_errors/93484880/variables" for 127.0.0.1 at 2013-12-11 21:49:49 -0700


Started GET "/users/sign_in" for 127.0.0.1 at 2013-12-11 21:50:15 -0700
Processing by Devise::SessionsController#new as HTML
  Rendered /usr/local/lib/ruby/gems/1.9.1/gems/devise-2.2.8/app/views/devise/shared/_links.erb (0.6ms)
  Rendered /usr/local/lib/ruby/gems/1.9.1/gems/devise-2.2.8/app/views/devise/sessions/new.html.erb within layouts/application (3.6ms)
  Rendered layouts/_navigation.html.erb (0.6ms)
  Rendered layouts/_messages.html.erb (0.0ms)
Completed 200 OK in 19ms (Views: 17.9ms | ActiveRecord: 0.0ms)


Started POST "/users/sign_in" for 127.0.0.1 at 2013-12-11 21:50:25 -0700
Processing by Devise::SessionsController#create as HTML
  Parameters: {"utf8"=>"✓", "authenticity_token"=>"D0nm2K3nIjVceP3WFaBvZtA9B4mk05PNobOIQwpNicA=", "user"=>{"email"=>"test@test.com", "password"=>"[FILTERED]", "remember_me"=>"0"}, "commit"=>"Sign in"}
  [1m[35mUser Load (0.3ms)[0m  SELECT "users".* FROM "users" WHERE "users"."email" = 'test@test.com' LIMIT 1
DEPRECATION WARNING: an empty resource was given to Devise::Strategies::DatabaseAuthenticatable#validate. Please ensure the resource is not nil. (called from service at /usr/local/lib/ruby/1.9.1/webrick/httpserver.rb:111)
Completed 401 Unauthorized in 39ms
Processing by Devise::SessionsController#new as HTML
  Parameters: {"utf8"=>"✓", "authenticity_token"=>"D0nm2K3nIjVceP3WFaBvZtA9B4mk05PNobOIQwpNicA=", "user"=>{"email"=>"test@test.com", "password"=>"[FILTERED]", "remember_me"=>"0"}, "commit"=>"Sign in"}
  Rendered /usr/local/lib/ruby/gems/1.9.1/gems/devise-2.2.8/app/views/devise/shared/_links.erb (0.4ms)
  Rendered /usr/local/lib/ruby/gems/1.9.1/gems/devise-2.2.8/app/views/devise/sessions/new.html.erb within layouts/application (2.5ms)
  Rendered layouts/_navigation.html.erb (0.8ms)
  Rendered layouts/_messages.html.erb (0.1ms)
Completed 200 OK in 139ms (Views: 42.5ms | ActiveRecord: 0.0ms)
Connecting to database specified by database.yml
  [1m[36m (0.1ms)[0m  [1mSELECT "schema_migrations"."version" FROM "schema_migrations" [0m
  [1m[35mUser Load (0.2ms)[0m  SELECT "users".* FROM "users" WHERE "users"."email" = 'user@example.com' LIMIT 1
WARNING: Can't mass-assign protected attributes: created_at, updated_at
  [1m[36m (0.1ms)[0m  [1mbegin transaction[0m
  [1m[35mSQL (57.0ms)[0m  INSERT INTO "posts" ("Content", "Recepients", "Title", "created_at", "updated_at", "user_id") VALUES (?, ?, ?, ?, ?, ?)  [["Content", "I am dead dude"], ["Recepients", "badcommando@gmail.com"], ["Title", "This is a test post"], ["created_at", Thu, 12 Dec 2013 04:54:57 UTC +00:00], ["updated_at", Thu, 12 Dec 2013 04:54:57 UTC +00:00], ["user_id", 1]]
  [1m[36m (12.0ms)[0m  [1mcommit transaction[0m
Connecting to database specified by database.yml
  [1m[36m (0.1ms)[0m  [1mSELECT "schema_migrations"."version" FROM "schema_migrations" [0m
Migrating to DeviseCreateUsers (20131203022201)
Migrating to AddNameToUsers (20131203024306)
Migrating to AddConfirmableToUsers (20131203214128)
Migrating to CreatePosts (20131203222738)
Migrating to AddPosts (20131203223255)
Migrating to AddUserIdToPost (20131204022807)
  [1m[35m (0.1ms)[0m  select sqlite_version(*)
  [1m[36m (0.1ms)[0m  [1mSELECT "schema_migrations"."version" FROM "schema_migrations" [0m
Connecting to database specified by database.yml
Connecting to database specified by database.yml


Started GET "/" for 127.0.0.1 at 2013-12-11 21:56:39 -0700
Processing by HomeController#index as HTML
  Rendered home/index.html.erb within layouts/application (25.3ms)
  Rendered layouts/_navigation.html.erb (1.3ms)
  Rendered layouts/_messages.html.erb (0.3ms)
Completed 200 OK in 163ms (Views: 162.4ms | ActiveRecord: 0.0ms)


Started GET "/users/sign_in" for 127.0.0.1 at 2013-12-11 21:56:43 -0700
Processing by Devise::SessionsController#new as HTML
  Rendered /usr/local/lib/ruby/gems/1.9.1/gems/devise-2.2.8/app/views/devise/shared/_links.erb (1.8ms)
  Rendered /usr/local/lib/ruby/gems/1.9.1/gems/devise-2.2.8/app/views/devise/sessions/new.html.erb within layouts/application (10.6ms)
  Rendered layouts/_navigation.html.erb (0.6ms)
  Rendered layouts/_messages.html.erb (0.0ms)
Completed 200 OK in 190ms (Views: 21.1ms | ActiveRecord: 44.7ms)


Started POST "/users/sign_in" for 127.0.0.1 at 2013-12-11 21:56:53 -0700
Processing by Devise::SessionsController#create as HTML
  Parameters: {"utf8"=>"✓", "authenticity_token"=>"D0nm2K3nIjVceP3WFaBvZtA9B4mk05PNobOIQwpNicA=", "user"=>{"email"=>"test@test.com", "password"=>"[FILTERED]", "remember_me"=>"0"}, "commit"=>"Sign in"}
  [1m[36mUser Load (0.6ms)[0m  [1mSELECT "users".* FROM "users" WHERE "users"."email" = 'test@test.com' LIMIT 1[0m
DEPRECATION WARNING: an empty resource was given to Devise::Strategies::DatabaseAuthenticatable#validate. Please ensure the resource is not nil. (called from service at /usr/local/lib/ruby/1.9.1/webrick/httpserver.rb:111)
Completed 401 Unauthorized in 80ms
Processing by Devise::SessionsController#new as HTML
  Parameters: {"utf8"=>"✓", "authenticity_token"=>"D0nm2K3nIjVceP3WFaBvZtA9B4mk05PNobOIQwpNicA=", "user"=>{"email"=>"test@test.com", "password"=>"[FILTERED]", "remember_me"=>"0"}, "commit"=>"Sign in"}
  Rendered /usr/local/lib/ruby/gems/1.9.1/gems/devise-2.2.8/app/views/devise/shared/_links.erb (0.7ms)
  Rendered /usr/local/lib/ruby/gems/1.9.1/gems/devise-2.2.8/app/views/devise/sessions/new.html.erb within layouts/application (3.4ms)
  Rendered layouts/_navigation.html.erb (0.8ms)
  Rendered layouts/_messages.html.erb (0.1ms)
Completed 200 OK in 115ms (Views: 15.0ms | ActiveRecord: 0.0ms)


Started GET "/users/sign_up" for 127.0.0.1 at 2013-12-11 21:56:59 -0700
Processing by Devise::RegistrationsController#new as HTML
  Rendered /usr/local/lib/ruby/gems/1.9.1/gems/devise-2.2.8/app/views/devise/shared/_links.erb (0.6ms)
  Rendered devise/registrations/new.html.erb within layouts/application (8.6ms)
  Rendered layouts/_navigation.html.erb (1.2ms)
  Rendered layouts/_messages.html.erb (0.1ms)
Completed 200 OK in 18ms (Views: 17.2ms | ActiveRecord: 0.0ms)


Started POST "/users" for 127.0.0.1 at 2013-12-11 21:57:11 -0700
Processing by Devise::RegistrationsController#create as HTML
  Parameters: {"utf8"=>"✓", "authenticity_token"=>"D0nm2K3nIjVceP3WFaBvZtA9B4mk05PNobOIQwpNicA=", "user"=>{"name"=>"test", "email"=>"michaelfyk@gmail.com", "password"=>"[FILTERED]", "password_confirmation"=>"[FILTERED]"}, "commit"=>"Sign up"}
  [1m[35m (0.2ms)[0m  begin transaction
  [1m[36mUser Exists (0.2ms)[0m  [1mSELECT 1 AS one FROM "users" WHERE "users"."email" = 'michaelfyk@gmail.com' LIMIT 1[0m
  [1m[35mUser Exists (0.2ms)[0m  SELECT 1 AS one FROM "users" WHERE LOWER("users"."name") = LOWER('test') LIMIT 1
  [1m[36mUser Exists (0.1ms)[0m  [1mSELECT 1 AS one FROM "users" WHERE LOWER("users"."email") = LOWER('michaelfyk@gmail.com') LIMIT 1[0m
  [1m[35m (0.1ms)[0m  rollback transaction
  Rendered /usr/local/lib/ruby/gems/1.9.1/gems/devise-2.2.8/app/views/devise/shared/_links.erb (1.6ms)
  Rendered devise/registrations/new.html.erb within layouts/application (6.2ms)
  Rendered layouts/_navigation.html.erb (1.3ms)
  Rendered layouts/_messages.html.erb (0.1ms)
Completed 200 OK in 349ms (Views: 15.5ms | ActiveRecord: 0.0ms)


Started POST "/users" for 127.0.0.1 at 2013-12-11 21:57:21 -0700
Processing by Devise::RegistrationsController#create as HTML
  Parameters: {"utf8"=>"✓", "authenticity_token"=>"D0nm2K3nIjVceP3WFaBvZtA9B4mk05PNobOIQwpNicA=", "user"=>{"name"=>"test", "email"=>"michaelfyk@gmail.com", "password"=>"[FILTERED]", "password_confirmation"=>"[FILTERED]"}, "commit"=>"Sign up"}
  [1m[36m (0.1ms)[0m  [1mbegin transaction[0m
  [1m[35mUser Exists (0.1ms)[0m  SELECT 1 AS one FROM "users" WHERE "users"."email" = 'michaelfyk@gmail.com' LIMIT 1
  [1m[36mUser Exists (0.1ms)[0m  [1mSELECT 1 AS one FROM "users" WHERE LOWER("users"."name") = LOWER('test') LIMIT 1[0m
  [1m[35mUser Exists (0.1ms)[0m  SELECT 1 AS one FROM "users" WHERE LOWER("users"."email") = LOWER('michaelfyk@gmail.com') LIMIT 1
  [1m[36mUser Load (0.1ms)[0m  [1mSELECT "users".* FROM "users" WHERE "users"."confirmation_token" = 'opc7PGBR3R3dtVJsKoYq' LIMIT 1[0m
Binary data inserted for `string` type on column `encrypted_password`
  [1m[35mSQL (4.2ms)[0m  INSERT INTO "users" ("confirmation_sent_at", "confirmation_token", "confirmed_at", "created_at", "current_sign_in_at", "current_sign_in_ip", "email", "encrypted_password", "last_sign_in_at", "last_sign_in_ip", "name", "remember_created_at", "reset_password_sent_at", "reset_password_token", "sign_in_count", "updated_at") VALUES (?, ?, ?, ?, ?, ?, ?, ?, ?, ?, ?, ?, ?, ?, ?, ?)  [["confirmation_sent_at", Thu, 12 Dec 2013 04:57:21 UTC +00:00], ["confirmation_token", "opc7PGBR3R3dtVJsKoYq"], ["confirmed_at", nil], ["created_at", Thu, 12 Dec 2013 04:57:21 UTC +00:00], ["current_sign_in_at", nil], ["current_sign_in_ip", nil], ["email", "michaelfyk@gmail.com"], ["encrypted_password", "$2a$10$9JmqgzOsN./Ti0HuAZAJfuMDzLmweO4lb.hgHJWfg2D9m6kwjtTQO"], ["last_sign_in_at", nil], ["last_sign_in_ip", nil], ["name", "test"], ["remember_created_at", nil], ["reset_password_sent_at", nil], ["reset_password_token", nil], ["sign_in_count", 0], ["updated_at", Thu, 12 Dec 2013 04:57:21 UTC +00:00]]
  Rendered /usr/local/lib/ruby/gems/1.9.1/gems/devise-2.2.8/app/views/devise/mailer/confirmation_instructions.html.erb (3.0ms)

Sent mail to michaelfyk@gmail.com (259ms)
Date: Wed, 11 Dec 2013 21:57:21 -0700
From: semtfinal@gmail.com
Reply-To: semtfinal@gmail.com
To: michaelfyk@gmail.com
Message-ID: <52a94231bc396_c4a57aa292424a@saasbook.mail>
Subject: Confirmation instructions
Mime-Version: 1.0
Content-Type: text/html;
 charset=UTF-8
Content-Transfer-Encoding: 7bit

<p>Welcome michaelfyk@gmail.com!</p>

<p>You can confirm your account email through the link below:</p>

<p><a href="http://localhost:3000/users/confirmation?confirmation_token=opc7PGBR3R3dtVJsKoYq">Confirm my account</a></p>

  [1m[36m (0.2ms)[0m  [1mrollback transaction[0m
Completed 500 Internal Server Error in 473ms

SocketError - getaddrinfo: Name or service not known:
  /usr/local/lib/ruby/1.9.1/net/smtp.rb:546:in `tcp_socket'
  /usr/local/lib/ruby/1.9.1/net/smtp.rb:555:in `block in do_start'
  /usr/local/lib/ruby/1.9.1/timeout.rb:58:in `timeout'
  /usr/local/lib/ruby/1.9.1/timeout.rb:89:in `timeout'
  /usr/local/lib/ruby/1.9.1/net/smtp.rb:555:in `do_start'
  /usr/local/lib/ruby/1.9.1/net/smtp.rb:525:in `start'
  mail (2.5.4) lib/mail/network/delivery_methods/smtp.rb:112:in `deliver!'
  mail (2.5.4) lib/mail/message.rb:2129:in `do_delivery'
  mail (2.5.4) lib/mail/message.rb:232:in `block in deliver'
  actionmailer (3.2.13) lib/action_mailer/base.rb:415:in `block in deliver_mail'
  activesupport (3.2.13) lib/active_support/notifications.rb:123:in `block in instrument'
  activesupport (3.2.13) lib/active_support/notifications/instrumenter.rb:20:in `instrument'
  activesupport (3.2.13) lib/active_support/notifications.rb:123:in `instrument'
  actionmailer (3.2.13) lib/action_mailer/base.rb:413:in `deliver_mail'
  mail (2.5.4) lib/mail/message.rb:232:in `deliver'
  devise (2.2.8) lib/devise/models/authenticatable.rb:175:in `send_devise_notification'
  devise (2.2.8) lib/devise/models/confirmable.rb:147:in `send_on_create_confirmation_instructions'
  activesupport (3.2.13) lib/active_support/callbacks.rb:416:in `_run__1034737194__create__329980723__callbacks'
  activesupport (3.2.13) lib/active_support/callbacks.rb:405:in `__run_callback'
  activesupport (3.2.13) lib/active_support/callbacks.rb:385:in `_run_create_callbacks'
  activesupport (3.2.13) lib/active_support/callbacks.rb:81:in `run_callbacks'
  activerecord (3.2.13) lib/active_record/callbacks.rb:268:in `create'
  activerecord (3.2.13) lib/active_record/persistence.rb:348:in `create_or_update'
  activerecord (3.2.13) lib/active_record/callbacks.rb:264:in `block in create_or_update'
  activesupport (3.2.13) lib/active_support/callbacks.rb:414:in `_run__1034737194__save__329980723__callbacks'
  activesupport (3.2.13) lib/active_support/callbacks.rb:405:in `__run_callback'
  activesupport (3.2.13) lib/active_support/callbacks.rb:385:in `_run_save_callbacks'
  activesupport (3.2.13) lib/active_support/callbacks.rb:81:in `run_callbacks'
  activerecord (3.2.13) lib/active_record/callbacks.rb:264:in `create_or_update'
  activerecord (3.2.13) lib/active_record/persistence.rb:84:in `save'
  activerecord (3.2.13) lib/active_record/validations.rb:50:in `save'
  activerecord (3.2.13) lib/active_record/attribute_methods/dirty.rb:22:in `save'
  activerecord (3.2.13) lib/active_record/transactions.rb:259:in `block (2 levels) in save'
  activerecord (3.2.13) lib/active_record/transactions.rb:313:in `block in with_transaction_returning_status'
  activerecord (3.2.13) lib/active_record/connection_adapters/abstract/database_statements.rb:192:in `transaction'
  activerecord (3.2.13) lib/active_record/transactions.rb:208:in `transaction'
  activerecord (3.2.13) lib/active_record/transactions.rb:311:in `with_transaction_returning_status'
  activerecord (3.2.13) lib/active_record/transactions.rb:259:in `block in save'
  activerecord (3.2.13) lib/active_record/transactions.rb:270:in `rollback_active_record_state!'
  activerecord (3.2.13) lib/active_record/transactions.rb:258:in `save'
  devise (2.2.8) app/controllers/devise/registrations_controller.rb:15:in `create'
  actionpack (3.2.13) lib/action_controller/metal/implicit_render.rb:4:in `send_action'
  actionpack (3.2.13) lib/abstract_controller/base.rb:167:in `process_action'
  actionpack (3.2.13) lib/action_controller/metal/rendering.rb:10:in `process_action'
  actionpack (3.2.13) lib/abstract_controller/callbacks.rb:18:in `block in process_action'
  activesupport (3.2.13) lib/active_support/callbacks.rb:436:in `_run__330681725__process_action__718491604__callbacks'
  activesupport (3.2.13) lib/active_support/callbacks.rb:405:in `__run_callback'
  activesupport (3.2.13) lib/active_support/callbacks.rb:385:in `_run_process_action_callbacks'
  activesupport (3.2.13) lib/active_support/callbacks.rb:81:in `run_callbacks'
  actionpack (3.2.13) lib/abstract_controller/callbacks.rb:17:in `process_action'
  actionpack (3.2.13) lib/action_controller/metal/rescue.rb:29:in `process_action'
  actionpack (3.2.13) lib/action_controller/metal/instrumentation.rb:30:in `block in process_action'
  activesupport (3.2.13) lib/active_support/notifications.rb:123:in `block in instrument'
  activesupport (3.2.13) lib/active_support/notifications/instrumenter.rb:20:in `instrument'
  activesupport (3.2.13) lib/active_support/notifications.rb:123:in `instrument'
  actionpack (3.2.13) lib/action_controller/metal/instrumentation.rb:29:in `process_action'
  actionpack (3.2.13) lib/action_controller/metal/params_wrapper.rb:207:in `process_action'
  activerecord (3.2.13) lib/active_record/railties/controller_runtime.rb:18:in `process_action'
  actionpack (3.2.13) lib/abstract_controller/base.rb:121:in `process'
  actionpack (3.2.13) lib/abstract_controller/rendering.rb:45:in `process'
  actionpack (3.2.13) lib/action_controller/metal.rb:203:in `dispatch'
  actionpack (3.2.13) lib/action_controller/metal/rack_delegation.rb:14:in `dispatch'
  actionpack (3.2.13) lib/action_controller/metal.rb:246:in `block in action'
  actionpack (3.2.13) lib/action_dispatch/routing/route_set.rb:73:in `dispatch'
  actionpack (3.2.13) lib/action_dispatch/routing/route_set.rb:36:in `call'
  actionpack (3.2.13) lib/action_dispatch/routing/mapper.rb:42:in `call'
  journey (1.0.4) lib/journey/router.rb:68:in `block in call'
  journey (1.0.4) lib/journey/router.rb:56:in `call'
  actionpack (3.2.13) lib/action_dispatch/routing/route_set.rb:612:in `call'
  warden (1.2.3) lib/warden/manager.rb:35:in `block in call'
  warden (1.2.3) lib/warden/manager.rb:34:in `call'
  actionpack (3.2.13) lib/action_dispatch/middleware/best_standards_support.rb:17:in `call'
  rack (1.4.5) lib/rack/etag.rb:23:in `call'
  rack (1.4.5) lib/rack/conditionalget.rb:35:in `call'
  actionpack (3.2.13) lib/action_dispatch/middleware/head.rb:14:in `call'
  actionpack (3.2.13) lib/action_dispatch/middleware/params_parser.rb:21:in `call'
  actionpack (3.2.13) lib/action_dispatch/middleware/flash.rb:242:in `call'
  rack (1.4.5) lib/rack/session/abstract/id.rb:210:in `context'
  rack (1.4.5) lib/rack/session/abstract/id.rb:205:in `call'
  actionpack (3.2.13) lib/action_dispatch/middleware/cookies.rb:341:in `call'
  activerecord (3.2.13) lib/active_record/query_cache.rb:64:in `call'
  activerecord (3.2.13) lib/active_record/connection_adapters/abstract/connection_pool.rb:479:in `call'
  actionpack (3.2.13) lib/action_dispatch/middleware/callbacks.rb:28:in `block in call'
  activesupport (3.2.13) lib/active_support/callbacks.rb:405:in `_run__470709803__call__329980723__callbacks'
  activesupport (3.2.13) lib/active_support/callbacks.rb:405:in `__run_callback'
  activesupport (3.2.13) lib/active_support/callbacks.rb:385:in `_run_call_callbacks'
  activesupport (3.2.13) lib/active_support/callbacks.rb:81:in `run_callbacks'
  actionpack (3.2.13) lib/action_dispatch/middleware/callbacks.rb:27:in `call'
  actionpack (3.2.13) lib/action_dispatch/middleware/reloader.rb:65:in `call'
  actionpack (3.2.13) lib/action_dispatch/middleware/remote_ip.rb:31:in `call'
  better_errors (1.0.1) lib/better_errors/middleware.rb:84:in `protected_app_call'
  better_errors (1.0.1) lib/better_errors/middleware.rb:79:in `better_errors_call'
  better_errors (1.0.1) lib/better_errors/middleware.rb:56:in `call'
  actionpack (3.2.13) lib/action_dispatch/middleware/debug_exceptions.rb:16:in `call'
  actionpack (3.2.13) lib/action_dispatch/middleware/show_exceptions.rb:56:in `call'
  railties (3.2.13) lib/rails/rack/logger.rb:32:in `call_app'
  railties (3.2.13) lib/rails/rack/logger.rb:16:in `block in call'
  activesupport (3.2.13) lib/active_support/tagged_logging.rb:22:in `tagged'
  railties (3.2.13) lib/rails/rack/logger.rb:16:in `call'
  quiet_assets (1.0.2) lib/quiet_assets.rb:18:in `call_with_quiet_assets'
  actionpack (3.2.13) lib/action_dispatch/middleware/request_id.rb:22:in `call'
  rack (1.4.5) lib/rack/methodoverride.rb:21:in `call'
  rack (1.4.5) lib/rack/runtime.rb:17:in `call'
  activesupport (3.2.13) lib/active_support/cache/strategy/local_cache.rb:72:in `call'
  rack (1.4.5) lib/rack/lock.rb:15:in `call'
  actionpack (3.2.13) lib/action_dispatch/middleware/static.rb:63:in `call'
  railties (3.2.13) lib/rails/engine.rb:479:in `call'
  railties (3.2.13) lib/rails/application.rb:223:in `call'
  rack (1.4.5) lib/rack/content_length.rb:14:in `call'
  railties (3.2.13) lib/rails/rack/log_tailer.rb:17:in `call'
  rack (1.4.5) lib/rack/handler/webrick.rb:59:in `service'
  /usr/local/lib/ruby/1.9.1/webrick/httpserver.rb:111:in `service'
  /usr/local/lib/ruby/1.9.1/webrick/httpserver.rb:70:in `run'
  /usr/local/lib/ruby/1.9.1/webrick/server.rb:183:in `block in start_thread'



Started POST "/__better_errors/-617689148/variables" for 127.0.0.1 at 2013-12-11 21:57:22 -0700


Started GET "/users/sign_in" for 127.0.0.1 at 2013-12-11 21:57:31 -0700
Processing by Devise::SessionsController#new as HTML
  Rendered /usr/local/lib/ruby/gems/1.9.1/gems/devise-2.2.8/app/views/devise/shared/_links.erb (0.4ms)
  Rendered /usr/local/lib/ruby/gems/1.9.1/gems/devise-2.2.8/app/views/devise/sessions/new.html.erb within layouts/application (2.9ms)
  Rendered layouts/_navigation.html.erb (0.8ms)
  Rendered layouts/_messages.html.erb (0.0ms)
Completed 200 OK in 20ms (Views: 19.7ms | ActiveRecord: 0.0ms)


Started POST "/users/sign_in" for 127.0.0.1 at 2013-12-11 21:57:37 -0700
Processing by Devise::SessionsController#create as HTML
  Parameters: {"utf8"=>"✓", "authenticity_token"=>"D0nm2K3nIjVceP3WFaBvZtA9B4mk05PNobOIQwpNicA=", "user"=>{"email"=>"test@test.com", "password"=>"[FILTERED]", "remember_me"=>"0"}, "commit"=>"Sign in"}
  [1m[35mUser Load (0.2ms)[0m  SELECT "users".* FROM "users" WHERE "users"."email" = 'test@test.com' LIMIT 1
DEPRECATION WARNING: an empty resource was given to Devise::Strategies::DatabaseAuthenticatable#validate. Please ensure the resource is not nil. (called from service at /usr/local/lib/ruby/1.9.1/webrick/httpserver.rb:111)
Completed 401 Unauthorized in 1ms
Processing by Devise::SessionsController#new as HTML
  Parameters: {"utf8"=>"✓", "authenticity_token"=>"D0nm2K3nIjVceP3WFaBvZtA9B4mk05PNobOIQwpNicA=", "user"=>{"email"=>"test@test.com", "password"=>"[FILTERED]", "remember_me"=>"0"}, "commit"=>"Sign in"}
  Rendered /usr/local/lib/ruby/gems/1.9.1/gems/devise-2.2.8/app/views/devise/shared/_links.erb (0.5ms)
  Rendered /usr/local/lib/ruby/gems/1.9.1/gems/devise-2.2.8/app/views/devise/sessions/new.html.erb within layouts/application (3.1ms)
  Rendered layouts/_navigation.html.erb (0.5ms)
  Rendered layouts/_messages.html.erb (0.1ms)
Completed 200 OK in 146ms (Views: 38.0ms | ActiveRecord: 0.0ms)
Connecting to database specified by database.yml
  [1m[36m (0.1ms)[0m  [1mSELECT "schema_migrations"."version" FROM "schema_migrations" [0m
Migrating to DeviseCreateUsers (20131203022201)
Migrating to AddNameToUsers (20131203024306)
Migrating to AddConfirmableToUsers (20131203214128)
Migrating to CreatePosts (20131203222738)
Migrating to AddPosts (20131203223255)
Migrating to AddUserIdToPost (20131204022807)
  [1m[35m (0.1ms)[0m  select sqlite_version(*)
  [1m[36m (0.1ms)[0m  [1mSELECT "schema_migrations"."version" FROM "schema_migrations" [0m
Connecting to database specified by database.yml
  [1m[36m (0.1ms)[0m  [1mSELECT "schema_migrations"."version" FROM "schema_migrations" [0m
  [1m[35mUser Load (0.3ms)[0m  SELECT "users".* FROM "users" WHERE "users"."email" = 'user@example.com' LIMIT 1
WARNING: Can't mass-assign protected attributes: created_at, updated_at
  [1m[36m (0.1ms)[0m  [1mbegin transaction[0m
  [1m[35mSQL (54.5ms)[0m  INSERT INTO "posts" ("Content", "Recepients", "Title", "created_at", "updated_at", "user_id") VALUES (?, ?, ?, ?, ?, ?)  [["Content", "I am dead dude"], ["Recepients", "badcommando@gmail.com"], ["Title", "This is a test post"], ["created_at", Thu, 12 Dec 2013 05:06:22 UTC +00:00], ["updated_at", Thu, 12 Dec 2013 05:06:22 UTC +00:00], ["user_id", 1]]
  [1m[36m (10.2ms)[0m  [1mcommit transaction[0m
Connecting to database specified by database.yml


Started GET "/" for 127.0.0.1 at 2013-12-11 22:07:03 -0700
Processing by HomeController#index as HTML
  Rendered home/index.html.erb within layouts/application (17.6ms)
  Rendered layouts/_navigation.html.erb (2.1ms)
  Rendered layouts/_messages.html.erb (0.5ms)
Completed 200 OK in 188ms (Views: 187.3ms | ActiveRecord: 0.0ms)


Started GET "/" for 127.0.0.1 at 2013-12-11 22:07:07 -0700
Processing by HomeController#index as HTML
  Rendered home/index.html.erb within layouts/application (0.0ms)
  Rendered layouts/_navigation.html.erb (0.7ms)
  Rendered layouts/_messages.html.erb (0.1ms)
Completed 200 OK in 11ms (Views: 10.8ms | ActiveRecord: 0.0ms)


Started GET "/users/sign_up" for 127.0.0.1 at 2013-12-11 22:07:11 -0700
Processing by Devise::RegistrationsController#new as HTML
  Rendered /usr/local/lib/ruby/gems/1.9.1/gems/devise-2.2.8/app/views/devise/shared/_links.erb (1.5ms)
  Rendered devise/registrations/new.html.erb within layouts/application (13.7ms)
  Rendered layouts/_navigation.html.erb (0.8ms)
  Rendered layouts/_messages.html.erb (0.1ms)
Completed 200 OK in 210ms (Views: 25.9ms | ActiveRecord: 14.0ms)


Started GET "/users/sign_in" for 127.0.0.1 at 2013-12-11 22:07:20 -0700
Processing by Devise::SessionsController#new as HTML
  Rendered /usr/local/lib/ruby/gems/1.9.1/gems/devise-2.2.8/app/views/devise/shared/_links.erb (0.9ms)
  Rendered /usr/local/lib/ruby/gems/1.9.1/gems/devise-2.2.8/app/views/devise/sessions/new.html.erb within layouts/application (6.8ms)
  Rendered layouts/_navigation.html.erb (2.6ms)
  Rendered layouts/_messages.html.erb (0.1ms)
Completed 200 OK in 25ms (Views: 23.3ms | ActiveRecord: 0.0ms)


Started POST "/users/sign_in" for 127.0.0.1 at 2013-12-11 22:07:35 -0700
Processing by Devise::SessionsController#create as HTML
  Parameters: {"utf8"=>"✓", "authenticity_token"=>"tIbU6xFctYnhTnW6Tur+QbCZzu/G+DmQgEAGR03jfh8=", "user"=>{"email"=>"test@test.com", "password"=>"[FILTERED]", "remember_me"=>"0"}, "commit"=>"Sign in"}
  [1m[36mUser Load (0.3ms)[0m  [1mSELECT "users".* FROM "users" WHERE "users"."email" = 'test@test.com' LIMIT 1[0m
DEPRECATION WARNING: an empty resource was given to Devise::Strategies::DatabaseAuthenticatable#validate. Please ensure the resource is not nil. (called from service at /usr/local/lib/ruby/1.9.1/webrick/httpserver.rb:111)
Completed 401 Unauthorized in 62ms
Processing by Devise::SessionsController#new as HTML
  Parameters: {"utf8"=>"✓", "authenticity_token"=>"tIbU6xFctYnhTnW6Tur+QbCZzu/G+DmQgEAGR03jfh8=", "user"=>{"email"=>"test@test.com", "password"=>"[FILTERED]", "remember_me"=>"0"}, "commit"=>"Sign in"}
  Rendered /usr/local/lib/ruby/gems/1.9.1/gems/devise-2.2.8/app/views/devise/shared/_links.erb (0.4ms)
  Rendered /usr/local/lib/ruby/gems/1.9.1/gems/devise-2.2.8/app/views/devise/sessions/new.html.erb within layouts/application (2.7ms)
  Rendered layouts/_navigation.html.erb (0.6ms)
  Rendered layouts/_messages.html.erb (0.1ms)
Completed 200 OK in 137ms (Views: 46.9ms | ActiveRecord: 0.0ms)
Connecting to database specified by database.yml


Started GET "/" for 127.0.0.1 at 2013-12-12 19:10:26 -0700
Processing by HomeController#index as HTML
  Rendered home/index.html.erb within layouts/application (20.1ms)
  Rendered layouts/_navigation.html.erb (1.3ms)
  Rendered layouts/_messages.html.erb (0.5ms)
Completed 200 OK in 173ms (Views: 173.0ms | ActiveRecord: 0.0ms)


Started GET "/users/sign_in" for 127.0.0.1 at 2013-12-12 19:10:29 -0700
Processing by Devise::SessionsController#new as HTML
  Rendered /usr/local/lib/ruby/gems/1.9.1/gems/devise-2.2.8/app/views/devise/shared/_links.erb (3.0ms)
  Rendered /usr/local/lib/ruby/gems/1.9.1/gems/devise-2.2.8/app/views/devise/sessions/new.html.erb within layouts/application (14.3ms)
  Rendered layouts/_navigation.html.erb (1.0ms)
  Rendered layouts/_messages.html.erb (0.1ms)
Completed 200 OK in 208ms (Views: 31.6ms | ActiveRecord: 14.0ms)


Started POST "/users/sign_in" for 127.0.0.1 at 2013-12-12 19:10:43 -0700
Processing by Devise::SessionsController#create as HTML
  Parameters: {"utf8"=>"✓", "authenticity_token"=>"S0cwQoIh8eA2WNF6MVPhM4gYPj/9cm+vVpcaCdxoBcU=", "user"=>{"email"=>"test@test.com", "password"=>"[FILTERED]", "remember_me"=>"0"}, "commit"=>"Sign in"}
  [1m[36mUser Load (0.2ms)[0m  [1mSELECT "users".* FROM "users" WHERE "users"."email" = 'test@test.com' LIMIT 1[0m
DEPRECATION WARNING: an empty resource was given to Devise::Strategies::DatabaseAuthenticatable#validate. Please ensure the resource is not nil. (called from service at /usr/local/lib/ruby/1.9.1/webrick/httpserver.rb:111)
Completed 401 Unauthorized in 99ms
Processing by Devise::SessionsController#new as HTML
  Parameters: {"utf8"=>"✓", "authenticity_token"=>"S0cwQoIh8eA2WNF6MVPhM4gYPj/9cm+vVpcaCdxoBcU=", "user"=>{"email"=>"test@test.com", "password"=>"[FILTERED]", "remember_me"=>"0"}, "commit"=>"Sign in"}
  Rendered /usr/local/lib/ruby/gems/1.9.1/gems/devise-2.2.8/app/views/devise/shared/_links.erb (0.5ms)
  Rendered /usr/local/lib/ruby/gems/1.9.1/gems/devise-2.2.8/app/views/devise/sessions/new.html.erb within layouts/application (4.6ms)
  Rendered layouts/_navigation.html.erb (0.3ms)
  Rendered layouts/_messages.html.erb (0.1ms)
Completed 200 OK in 103ms (Views: 11.8ms | ActiveRecord: 0.0ms)
Connecting to database specified by database.yml
  [1m[36m (0.1ms)[0m  [1mSELECT "schema_migrations"."version" FROM "schema_migrations" [0m
Migrating to DeviseCreateUsers (20131203022201)
Migrating to AddNameToUsers (20131203024306)
Migrating to AddConfirmableToUsers (20131203214128)
Migrating to CreatePosts (20131203222738)
Migrating to AddPosts (20131203223255)
Migrating to AddUserIdToPost (20131204022807)
  [1m[35m (0.1ms)[0m  select sqlite_version(*)
  [1m[36m (0.1ms)[0m  [1mSELECT "schema_migrations"."version" FROM "schema_migrations" [0m
Connecting to database specified by database.yml
  [1m[36m (0.1ms)[0m  [1mSELECT "schema_migrations"."version" FROM "schema_migrations" [0m
  [1m[35mUser Load (0.3ms)[0m  SELECT "users".* FROM "users" WHERE "users"."email" = 'user@example.com' LIMIT 1
WARNING: Can't mass-assign protected attributes: created_at, updated_at
  [1m[36m (0.1ms)[0m  [1mbegin transaction[0m
  [1m[35mSQL (53.4ms)[0m  INSERT INTO "posts" ("Content", "Recepients", "Title", "created_at", "updated_at", "user_id") VALUES (?, ?, ?, ?, ?, ?)  [["Content", "I am dead dude"], ["Recepients", "badcommando@gmail.com"], ["Title", "This is a test post"], ["created_at", Fri, 13 Dec 2013 02:11:43 UTC +00:00], ["updated_at", Fri, 13 Dec 2013 02:11:43 UTC +00:00], ["user_id", 1]]
  [1m[36m (13.4ms)[0m  [1mcommit transaction[0m
Connecting to database specified by database.yml


Started GET "/" for 127.0.0.1 at 2013-12-12 19:31:29 -0700
Processing by HomeController#index as HTML
  Rendered home/index.html.erb within layouts/application (20.4ms)
  Rendered layouts/_navigation.html.erb (2.8ms)
  Rendered layouts/_messages.html.erb (1.1ms)
Completed 200 OK in 173ms (Views: 172.4ms | ActiveRecord: 0.0ms)


Started GET "/" for 127.0.0.1 at 2013-12-12 19:32:40 -0700
Processing by HomeController#index as HTML
  Rendered home/index.html.erb within layouts/application (0.0ms)
  Rendered layouts/_navigation.html.erb (6.8ms)
  Rendered layouts/_messages.html.erb (0.1ms)
Completed 200 OK in 13ms (Views: 13.0ms | ActiveRecord: 0.0ms)
Connecting to database specified by database.yml


Started GET "/" for 127.0.0.1 at 2013-12-12 19:34:12 -0700
Processing by HomeController#index as HTML
  Rendered home/index.html.erb within layouts/application (18.4ms)
Compiled application.css  (58ms)  (pid 2723)
Compiled jquery.js  (1ms)  (pid 2723)
Compiled jquery_ujs.js  (0ms)  (pid 2723)
Compiled application.js  (61ms)  (pid 2723)
  Rendered layouts/_navigation.html.erb (2.1ms)
  Rendered layouts/_messages.html.erb (0.5ms)
Completed 200 OK in 305ms (Views: 305.0ms | ActiveRecord: 0.0ms)
Connecting to database specified by database.yml


Started GET "/" for 127.0.0.1 at 2013-12-12 19:34:56 -0700
Processing by HomeController#index as HTML
  Rendered home/index.html.erb within layouts/application (17.2ms)
  Rendered layouts/_navigation.html.erb (1.5ms)
  Rendered layouts/_messages.html.erb (0.3ms)
Completed 200 OK in 142ms (Views: 141.7ms | ActiveRecord: 0.0ms)
Connecting to database specified by database.yml


Started GET "/" for 127.0.0.1 at 2013-12-12 19:35:40 -0700
Processing by HomeController#index as HTML
  Rendered home/index.html.erb within layouts/application (32.0ms)
  Rendered layouts/_navigation.html.erb (1.3ms)
  Rendered layouts/_messages.html.erb (0.4ms)
Completed 200 OK in 286ms (Views: 285.6ms | ActiveRecord: 0.0ms)
Connecting to database specified by database.yml


Started GET "/" for 127.0.0.1 at 2013-12-12 19:38:15 -0700
Processing by HomeController#index as HTML
  Rendered home/index.html.erb within layouts/application (17.0ms)
  Rendered layouts/_navigation.html.erb (4.9ms)
  Rendered layouts/_messages.html.erb (0.6ms)
Completed 200 OK in 169ms (Views: 168.7ms | ActiveRecord: 0.0ms)
Connecting to database specified by database.yml


Started GET "/" for 127.0.0.1 at 2013-12-12 19:39:51 -0700
Processing by HomeController#index as HTML
  Rendered home/index.html.erb within layouts/application (25.6ms)
  Rendered layouts/_navigation.html.erb (1.3ms)
  Rendered layouts/_messages.html.erb (0.3ms)
Completed 200 OK in 174ms (Views: 173.8ms | ActiveRecord: 0.0ms)
Connecting to database specified by database.yml


Started GET "/" for 127.0.0.1 at 2013-12-12 19:45:47 -0700
Processing by HomeController#index as HTML
  Rendered home/index.html.erb within layouts/application (16.9ms)
  Rendered layouts/_navigation.html.erb (3.6ms)
  Rendered layouts/_messages.html.erb (0.4ms)
Completed 200 OK in 150ms (Views: 150.0ms | ActiveRecord: 0.0ms)
Connecting to database specified by database.yml


Started GET "/" for 127.0.0.1 at 2013-12-12 19:56:02 -0700
Processing by HomeController#index as HTML
  Rendered home/index.html.erb within layouts/application (16.8ms)
  Rendered layouts/_navigation.html.erb (1.5ms)
  Rendered layouts/_messages.html.erb (0.3ms)
Completed 200 OK in 157ms (Views: 156.9ms | ActiveRecord: 0.0ms)
Connecting to database specified by database.yml


Started GET "/" for 127.0.0.1 at 2013-12-12 20:00:53 -0700
Processing by HomeController#index as HTML
  Rendered home/index.html.erb within layouts/application (18.9ms)
  Rendered layouts/_navigation.html.erb (1.2ms)
  Rendered layouts/_messages.html.erb (0.3ms)
Completed 200 OK in 153ms (Views: 152.5ms | ActiveRecord: 0.0ms)


Started GET "/" for 127.0.0.1 at 2013-12-12 20:00:55 -0700
Processing by HomeController#index as HTML
  Rendered home/index.html.erb within layouts/application (0.0ms)
  Rendered layouts/_navigation.html.erb (1.1ms)
  Rendered layouts/_messages.html.erb (0.1ms)
Completed 200 OK in 13ms (Views: 13.3ms | ActiveRecord: 0.0ms)


Started GET "/" for 127.0.0.1 at 2013-12-12 20:00:57 -0700
Processing by HomeController#index as HTML
  Rendered home/index.html.erb within layouts/application (0.0ms)
  Rendered layouts/_navigation.html.erb (0.7ms)
  Rendered layouts/_messages.html.erb (0.0ms)
Completed 200 OK in 7ms (Views: 6.6ms | ActiveRecord: 0.0ms)
Connecting to database specified by database.yml


Started GET "/" for 127.0.0.1 at 2013-12-12 20:08:01 -0700
Processing by HomeController#index as HTML
  Rendered home/index.html.erb within layouts/application (17.0ms)
  Rendered layouts/_navigation.html.erb (1.4ms)
  Rendered layouts/_messages.html.erb (0.2ms)
Completed 200 OK in 159ms (Views: 158.4ms | ActiveRecord: 0.0ms)
Connecting to database specified by database.yml


Started GET "/" for 127.0.0.1 at 2013-12-12 20:11:17 -0700
Processing by HomeController#index as HTML
  Rendered home/index.html.erb within layouts/application (18.3ms)
  Rendered layouts/_navigation.html.erb (2.4ms)
  Rendered layouts/_messages.html.erb (1.6ms)
Completed 200 OK in 163ms (Views: 162.6ms | ActiveRecord: 0.0ms)
Connecting to database specified by database.yml


Started GET "/" for 127.0.0.1 at 2013-12-12 20:13:43 -0700
Processing by HomeController#index as HTML
  Rendered home/index.html.erb within layouts/application (17.7ms)
  Rendered layouts/_navigation.html.erb (1.4ms)
  Rendered layouts/_messages.html.erb (0.4ms)
Completed 200 OK in 161ms (Views: 161.0ms | ActiveRecord: 0.0ms)


Started GET "/" for 127.0.0.1 at 2013-12-12 20:17:18 -0700
Processing by HomeController#index as HTML
  Rendered home/index.html.erb within layouts/application (0.0ms)
  Rendered layouts/_navigation.html.erb (0.7ms)
  Rendered layouts/_messages.html.erb (0.0ms)
Completed 200 OK in 14ms (Views: 13.4ms | ActiveRecord: 0.0ms)


Started GET "/" for 127.0.0.1 at 2013-12-12 20:17:20 -0700
Processing by HomeController#index as HTML
  Rendered home/index.html.erb within layouts/application (0.0ms)
  Rendered layouts/_navigation.html.erb (0.6ms)
  Rendered layouts/_messages.html.erb (0.0ms)
Completed 200 OK in 18ms (Views: 17.8ms | ActiveRecord: 0.0ms)
Connecting to database specified by database.yml
Connecting to database specified by database.yml


Started GET "/" for 127.0.0.1 at 2013-12-13 00:31:25 -0700
Processing by HomeController#index as HTML
  Rendered home/index.html.erb within layouts/application (20.7ms)
Compiled application.css  (52ms)  (pid 3685)
Compiled jquery.js  (1ms)  (pid 3685)
Compiled jquery_ujs.js  (0ms)  (pid 3685)
Compiled application.js  (16ms)  (pid 3685)
  Rendered layouts/_navigation.html.erb (1.8ms)
  Rendered layouts/_messages.html.erb (0.6ms)
Completed 200 OK in 239ms (Views: 238.1ms | ActiveRecord: 0.0ms)
Connecting to database specified by database.yml


Started GET "/" for 127.0.0.1 at 2013-12-16 20:43:01 -0700
Processing by HomeController#index as HTML
  Rendered home/index.html.erb within layouts/application (22.3ms)
  Rendered layouts/_navigation.html.erb (2.4ms)
  Rendered layouts/_messages.html.erb (0.6ms)
Completed 200 OK in 181ms (Views: 181.0ms | ActiveRecord: 0.0ms)


Started GET "/" for 127.0.0.1 at 2013-12-16 20:44:30 -0700
Processing by HomeController#index as HTML
  Rendered home/index.html.erb within layouts/application (0.0ms)
Compiled bootstrap-theme.min.css  (0ms)  (pid 2507)
Compiled bootstrap.min.css  (0ms)  (pid 2507)
Compiled application.css  (95ms)  (pid 2507)
  Rendered layouts/_navigation.html.erb (0.7ms)
  Rendered layouts/_messages.html.erb (0.0ms)
Completed 200 OK in 115ms (Views: 114.7ms | ActiveRecord: 0.0ms)


Started GET "/users/sign_up" for 127.0.0.1 at 2013-12-16 20:45:12 -0700
Processing by Devise::RegistrationsController#new as HTML
  Rendered /usr/local/lib/ruby/gems/1.9.1/gems/devise-2.2.8/app/views/devise/shared/_links.erb (1.7ms)
  Rendered devise/registrations/new.html.erb within layouts/application (13.9ms)
  Rendered layouts/_navigation.html.erb (0.8ms)
  Rendered layouts/_messages.html.erb (0.0ms)
Completed 200 OK in 236ms (Views: 26.0ms | ActiveRecord: 16.8ms)


Started POST "/users" for 127.0.0.1 at 2013-12-16 20:45:35 -0700
Processing by Devise::RegistrationsController#create as HTML
  Parameters: {"utf8"=>"✓", "authenticity_token"=>"tDxn/LSUZcuAg+bi6r9+hddgxQFxAtw++Vc1vcLoBKc=", "user"=>{"name"=>"michael", "email"=>"michaelfyk@gmail.com", "password"=>"[FILTERED]", "password_confirmation"=>"[FILTERED]"}, "commit"=>"Sign up"}
  [1m[36m (0.1ms)[0m  [1mbegin transaction[0m
  [1m[35mUser Exists (0.2ms)[0m  SELECT 1 AS one FROM "users" WHERE "users"."email" = 'michaelfyk@gmail.com' LIMIT 1
  [1m[36mUser Exists (0.1ms)[0m  [1mSELECT 1 AS one FROM "users" WHERE LOWER("users"."name") = LOWER('michael') LIMIT 1[0m
  [1m[35mUser Exists (0.1ms)[0m  SELECT 1 AS one FROM "users" WHERE LOWER("users"."email") = LOWER('michaelfyk@gmail.com') LIMIT 1
  [1m[36mUser Load (0.2ms)[0m  [1mSELECT "users".* FROM "users" WHERE "users"."confirmation_token" = '4dygsVGQaEFpwcPadCFc' LIMIT 1[0m
Binary data inserted for `string` type on column `encrypted_password`
  [1m[35mSQL (6.8ms)[0m  INSERT INTO "users" ("confirmation_sent_at", "confirmation_token", "confirmed_at", "created_at", "current_sign_in_at", "current_sign_in_ip", "email", "encrypted_password", "last_sign_in_at", "last_sign_in_ip", "name", "remember_created_at", "reset_password_sent_at", "reset_password_token", "sign_in_count", "updated_at") VALUES (?, ?, ?, ?, ?, ?, ?, ?, ?, ?, ?, ?, ?, ?, ?, ?)  [["confirmation_sent_at", Tue, 17 Dec 2013 03:45:35 UTC +00:00], ["confirmation_token", "4dygsVGQaEFpwcPadCFc"], ["confirmed_at", nil], ["created_at", Tue, 17 Dec 2013 03:45:35 UTC +00:00], ["current_sign_in_at", nil], ["current_sign_in_ip", nil], ["email", "michaelfyk@gmail.com"], ["encrypted_password", "$2a$10$Rna2clWz1/hbR8M7Aysr7OCS.R4OhStgyDvvmuf9aV4WCWoIKT0Oe"], ["last_sign_in_at", nil], ["last_sign_in_ip", nil], ["name", "michael"], ["remember_created_at", nil], ["reset_password_sent_at", nil], ["reset_password_token", nil], ["sign_in_count", 0], ["updated_at", Tue, 17 Dec 2013 03:45:35 UTC +00:00]]
  Rendered /usr/local/lib/ruby/gems/1.9.1/gems/devise-2.2.8/app/views/devise/mailer/confirmation_instructions.html.erb (1.1ms)

Sent mail to michaelfyk@gmail.com (3304ms)
Date: Mon, 16 Dec 2013 20:45:35 -0700
From: semtfinal@gmail.com
Reply-To: semtfinal@gmail.com
To: michaelfyk@gmail.com
Message-ID: <52afc8dfcd816_9cb52673c01753d@saasbook.mail>
Subject: Confirmation instructions
Mime-Version: 1.0
Content-Type: text/html;
 charset=UTF-8
Content-Transfer-Encoding: 7bit

<p>Welcome michaelfyk@gmail.com!</p>

<p>You can confirm your account email through the link below:</p>

<p><a href="http://localhost:3000/users/confirmation?confirmation_token=4dygsVGQaEFpwcPadCFc">Confirm my account</a></p>

  [1m[36m (9.6ms)[0m  [1mcommit transaction[0m
Redirected to http://localhost:3000/
Completed 302 Found in 3788ms (ActiveRecord: 0.0ms)


Started GET "/" for 127.0.0.1 at 2013-12-16 20:45:39 -0700
Processing by HomeController#index as HTML
  Rendered home/index.html.erb within layouts/application (0.0ms)
  Rendered layouts/_navigation.html.erb (1.1ms)
  Rendered layouts/_messages.html.erb (0.1ms)
Completed 200 OK in 18ms (Views: 17.9ms | ActiveRecord: 0.0ms)


Started GET "/users/sign_in" for 127.0.0.1 at 2013-12-16 20:45:41 -0700
Processing by Devise::SessionsController#new as HTML
  Rendered /usr/local/lib/ruby/gems/1.9.1/gems/devise-2.2.8/app/views/devise/shared/_links.erb (0.8ms)
  Rendered /usr/local/lib/ruby/gems/1.9.1/gems/devise-2.2.8/app/views/devise/sessions/new.html.erb within layouts/application (5.8ms)
  Rendered layouts/_navigation.html.erb (1.0ms)
  Rendered layouts/_messages.html.erb (0.1ms)
Completed 200 OK in 22ms (Views: 20.9ms | ActiveRecord: 0.0ms)


Started POST "/users/sign_in" for 127.0.0.1 at 2013-12-16 20:45:48 -0700
Processing by Devise::SessionsController#create as HTML
  Parameters: {"utf8"=>"✓", "authenticity_token"=>"tDxn/LSUZcuAg+bi6r9+hddgxQFxAtw++Vc1vcLoBKc=", "user"=>{"email"=>"michaelfyk@gmail.com", "password"=>"[FILTERED]", "remember_me"=>"0"}, "commit"=>"Sign in"}
  [1m[35mUser Load (0.2ms)[0m  SELECT "users".* FROM "users" WHERE "users"."email" = 'michaelfyk@gmail.com' LIMIT 1
  [1m[36m (0.1ms)[0m  [1mbegin transaction[0m
  [1m[35m (0.1ms)[0m  commit transaction
Completed 401 Unauthorized in 195ms


Started GET "/users/sign_in" for 127.0.0.1 at 2013-12-16 20:45:49 -0700
Processing by Devise::SessionsController#new as HTML
  Rendered /usr/local/lib/ruby/gems/1.9.1/gems/devise-2.2.8/app/views/devise/shared/_links.erb (2.2ms)
  Rendered /usr/local/lib/ruby/gems/1.9.1/gems/devise-2.2.8/app/views/devise/sessions/new.html.erb within layouts/application (11.6ms)
  Rendered layouts/_navigation.html.erb (0.8ms)
  Rendered layouts/_messages.html.erb (0.1ms)
Completed 200 OK in 32ms (Views: 30.9ms | ActiveRecord: 0.0ms)


Started POST "/users/sign_in" for 127.0.0.1 at 2013-12-16 20:46:31 -0700
Processing by Devise::SessionsController#create as HTML
  Parameters: {"utf8"=>"✓", "authenticity_token"=>"tDxn/LSUZcuAg+bi6r9+hddgxQFxAtw++Vc1vcLoBKc=", "user"=>{"email"=>"test@test.com", "password"=>"[FILTERED]", "remember_me"=>"0"}, "commit"=>"Sign in"}
  [1m[36mUser Load (0.2ms)[0m  [1mSELECT "users".* FROM "users" WHERE "users"."email" = 'test@test.com' LIMIT 1[0m
DEPRECATION WARNING: an empty resource was given to Devise::Strategies::DatabaseAuthenticatable#validate. Please ensure the resource is not nil. (called from service at /usr/local/lib/ruby/1.9.1/webrick/httpserver.rb:111)
Completed 401 Unauthorized in 2ms
Processing by Devise::SessionsController#new as HTML
  Parameters: {"utf8"=>"✓", "authenticity_token"=>"tDxn/LSUZcuAg+bi6r9+hddgxQFxAtw++Vc1vcLoBKc=", "user"=>{"email"=>"test@test.com", "password"=>"[FILTERED]", "remember_me"=>"0"}, "commit"=>"Sign in"}
  Rendered /usr/local/lib/ruby/gems/1.9.1/gems/devise-2.2.8/app/views/devise/shared/_links.erb (0.5ms)
  Rendered /usr/local/lib/ruby/gems/1.9.1/gems/devise-2.2.8/app/views/devise/sessions/new.html.erb within layouts/application (3.3ms)
  Rendered layouts/_navigation.html.erb (0.9ms)
  Rendered layouts/_messages.html.erb (0.1ms)
Completed 200 OK in 148ms (Views: 15.2ms | ActiveRecord: 0.0ms)
